<?xml version="1.0" encoding="UTF-8"?>
<!-- Generated by org.testng.reporters.JUnitReportReporter -->
<testsuite hostname="Yuvraj-PC" failures="0" tests="1" name="testlist.TestListNavigation" time="13.294" errors="0" timestamp="2020-07-09T11:47:39 IST" skipped="0">
  <testcase classname="testlist.TestListNavigation" name="Navigation" time="13.294"/>
</testsuite> <!-- testlist.TestListNavigation -->
