<?xml version="1.0" encoding="UTF-8"?>
<!-- Generated by org.testng.reporters.JUnitReportReporter -->
<testsuite hostname="Yuvraj-PC" failures="0" tests="1" name="SeleniumJavaProject.SeleniumJavaProject.BrowserTest" time="5.802" errors="0" timestamp="2020-06-30T18:47:19 IST" skipped="0">
  <testcase classname="SeleniumJavaProject.SeleniumJavaProject.BrowserTest" name="google" time="5.802"/>
</testsuite> <!-- SeleniumJavaProject.SeleniumJavaProject.BrowserTest -->
