<?xml version="1.0" encoding="UTF-8"?>
<!-- Generated by org.testng.reporters.JUnitReportReporter -->
<testsuite hostname="Yuvraj-PC" failures="0" tests="1" name="testlist.TestListNavigation" time="9.036" errors="0" timestamp="2020-08-03T15:41:36 IST" skipped="0">
  <testcase classname="testlist.TestListNavigation" name="Navigation" time="9.036"/>
</testsuite> <!-- testlist.TestListNavigation -->
